<?xml version="1.0" encoding="UTF-8"?>
<!-- Generated by org.testng.reporters.JUnitReportReporter -->
<testsuite hostname="Ferdos" failures="0" tests="1" name="seleniummainpkg.HospitalBaseTest" time="9.651" errors="0" timestamp="19 May 2019 19:10:50 GMT" skipped="0">
  <testcase classname="seleniummainpkg.HospitalBaseTest" name="logintest" time="9.651"/>
</testsuite> <!-- seleniummainpkg.HospitalBaseTest -->
