<?xml version="1.0" encoding="UTF-8"?>
<!-- Generated by org.testng.reporters.JUnitReportReporter -->
<testsuite hostname="Ferdos" failures="0" tests="2" name="seleniummainpkg.Scr_RegTest" time="19.360" errors="0" timestamp="22 Jun 2019 19:51:40 GMT" skipped="0">
  <testcase classname="seleniummainpkg.Scr_RegTest" name="logintest" time="8.339"/>
  <testcase classname="seleniummainpkg.Scr_RegTest" name="Serch_Registrationtest" time="11.021"/>
</testsuite> <!-- seleniummainpkg.Scr_RegTest -->
